生成启动时间为 2017/3/11 星期六 下午 8:38:31。
     1>项目“D:\c_html\Website_2\Website_2\Website_2.vcxproj”在节点 2 上(Build 个目标)。
     1>ClCompile:
         D:\Program Files (x86)\Microsoft Visual Studio 12.0\VC\bin\x86_amd64\CL.exe /c /I"D:\mysql-5.6.32-winx64\mysql-5.6.32-winx64\include" /Zi /nologo /W3 /WX- /Od /D WIN32 /D _DEBUG /D _CONSOLE /D _LIB /D _UNICODE /D UNICODE /Gm /EHsc /RTC1 /MDd /GS /fp:precise /Zc:wchar_t /Zc:forScope /Fo"x64\Debug\\" /Fd"x64\Debug\vc120.pdb" /Gd /TC /errorReport:prompt cgic.c ctemplate.c main.c
         main.c
     1>d:\c_html\website_2\website_2\share.h(64): warning C4102: “exit”: 未引用的标签
     1>main.c(56): warning C4033: “cgiMain”必须返回值
     1>main.c(97): warning C4033: “cgiMain”必须返回值
     1>main.c(294): warning C4267: “函数”: 从“size_t”转换到“unsigned long”，可能丢失数据
     1>main.c(295): warning C4267: “函数”: 从“size_t”转换到“unsigned long”，可能丢失数据
     1>main.c(771): warning C4244: “=”: 从“intptr_t”转换到“long”，可能丢失数据
     1>main.c(817): warning C4013: “strftime”未定义；假设外部返回 int
     1>main.c(817): warning C4013: “localtime”未定义；假设外部返回 int
     1>main.c(871): warning C4996: 'stricmp': The POSIX name for this item is deprecated. Instead, use the ISO C++ conformant name: _stricmp. See online help for details.
                 D:\Program Files (x86)\Microsoft Visual Studio 12.0\VC\include\string.h(253) : 参见“stricmp”的声明
     1>main.c(878): warning C4133: “函数”: 从“size_t *”到“int *”的类型不兼容
         ctemplate.c
     1>ctemplate.c(232): warning C4996: 'fopen': This function or variable may be unsafe. Consider using fopen_s instead. To disable deprecation, use _CRT_SECURE_NO_WARNINGS. See online help for details.
                 D:\Program Files (x86)\Microsoft Visual Studio 12.0\VC\include\stdio.h(211) : 参见“fopen”的声明
     1>ctemplate.c(238): warning C4996: 'fileno': The POSIX name for this item is deprecated. Instead, use the ISO C++ conformant name: _fileno. See online help for details.
                 D:\Program Files (x86)\Microsoft Visual Studio 12.0\VC\include\stdio.h(718) : 参见“fileno”的声明
     1>ctemplate.c(476): warning C4267: “初始化”: 从“size_t”转换到“int”，可能丢失数据
     1>ctemplate.c(480): warning C4996: 'strnicmp': The POSIX name for this item is deprecated. Instead, use the ISO C++ conformant name: _strnicmp. See online help for details.
                 D:\Program Files (x86)\Microsoft Visual Studio 12.0\VC\include\string.h(255) : 参见“strnicmp”的声明
     1>ctemplate.c(562): warning C4996: 'strnicmp': The POSIX name for this item is deprecated. Instead, use the ISO C++ conformant name: _strnicmp. See online help for details.
                 D:\Program Files (x86)\Microsoft Visual Studio 12.0\VC\include\string.h(255) : 参见“strnicmp”的声明
     1>ctemplate.c(566): warning C4996: 'strnicmp': The POSIX name for this item is deprecated. Instead, use the ISO C++ conformant name: _strnicmp. See online help for details.
                 D:\Program Files (x86)\Microsoft Visual Studio 12.0\VC\include\string.h(255) : 参见“strnicmp”的声明
     1>ctemplate.c(570): warning C4996: 'strnicmp': The POSIX name for this item is deprecated. Instead, use the ISO C++ conformant name: _strnicmp. See online help for details.
                 D:\Program Files (x86)\Microsoft Visual Studio 12.0\VC\include\string.h(255) : 参见“strnicmp”的声明
     1>ctemplate.c(575): warning C4996: 'strnicmp': The POSIX name for this item is deprecated. Instead, use the ISO C++ conformant name: _strnicmp. See online help for details.
                 D:\Program Files (x86)\Microsoft Visual Studio 12.0\VC\include\string.h(255) : 参见“strnicmp”的声明
     1>ctemplate.c(580): warning C4996: 'strnicmp': The POSIX name for this item is deprecated. Instead, use the ISO C++ conformant name: _strnicmp. See online help for details.
                 D:\Program Files (x86)\Microsoft Visual Studio 12.0\VC\include\string.h(255) : 参见“strnicmp”的声明
     1>ctemplate.c(583): warning C4996: 'strnicmp': The POSIX name for this item is deprecated. Instead, use the ISO C++ conformant name: _strnicmp. See online help for details.
                 D:\Program Files (x86)\Microsoft Visual Studio 12.0\VC\include\string.h(255) : 参见“strnicmp”的声明
     1>ctemplate.c(587): warning C4996: 'strnicmp': The POSIX name for this item is deprecated. Instead, use the ISO C++ conformant name: _strnicmp. See online help for details.
                 D:\Program Files (x86)\Microsoft Visual Studio 12.0\VC\include\string.h(255) : 参见“strnicmp”的声明
     1>ctemplate.c(592): warning C4996: 'strnicmp': The POSIX name for this item is deprecated. Instead, use the ISO C++ conformant name: _strnicmp. See online help for details.
                 D:\Program Files (x86)\Microsoft Visual Studio 12.0\VC\include\string.h(255) : 参见“strnicmp”的声明
     1>ctemplate.c(596): warning C4996: 'strnicmp': The POSIX name for this item is deprecated. Instead, use the ISO C++ conformant name: _strnicmp. See online help for details.
                 D:\Program Files (x86)\Microsoft Visual Studio 12.0\VC\include\string.h(255) : 参见“strnicmp”的声明
     1>ctemplate.c(599): warning C4996: 'strnicmp': The POSIX name for this item is deprecated. Instead, use the ISO C++ conformant name: _strnicmp. See online help for details.
                 D:\Program Files (x86)\Microsoft Visual Studio 12.0\VC\include\string.h(255) : 参见“strnicmp”的声明
     1>ctemplate.c(1145): warning C4996: 'strcpy': This function or variable may be unsafe. Consider using strcpy_s instead. To disable deprecation, use _CRT_SECURE_NO_WARNINGS. See online help for details.
                 D:\Program Files (x86)\Microsoft Visual Studio 12.0\VC\include\string.h(112) : 参见“strcpy”的声明
     1>ctemplate.c(1147): warning C4996: 'strcpy': This function or variable may be unsafe. Consider using strcpy_s instead. To disable deprecation, use _CRT_SECURE_NO_WARNINGS. See online help for details.
                 D:\Program Files (x86)\Microsoft Visual Studio 12.0\VC\include\string.h(112) : 参见“strcpy”的声明
     1>ctemplate.c(1149): warning C4996: 'strcpy': This function or variable may be unsafe. Consider using strcpy_s instead. To disable deprecation, use _CRT_SECURE_NO_WARNINGS. See online help for details.
                 D:\Program Files (x86)\Microsoft Visual Studio 12.0\VC\include\string.h(112) : 参见“strcpy”的声明
     1>ctemplate.c(1309): warning C4267: “=”: 从“size_t”转换到“int”，可能丢失数据
     1>ctemplate.c(1310): warning C4267: “=”: 从“size_t”转换到“int”，可能丢失数据
     1>ctemplate.c(1312): warning C4996: 'strcpy': This function or variable may be unsafe. Consider using strcpy_s instead. To disable deprecation, use _CRT_SECURE_NO_WARNINGS. See online help for details.
                 D:\Program Files (x86)\Microsoft Visual Studio 12.0\VC\include\string.h(112) : 参见“strcpy”的声明
     1>ctemplate.c(1313): warning C4996: 'strcpy': This function or variable may be unsafe. Consider using strcpy_s instead. To disable deprecation, use _CRT_SECURE_NO_WARNINGS. See online help for details.
                 D:\Program Files (x86)\Microsoft Visual Studio 12.0\VC\include\string.h(112) : 参见“strcpy”的声明
     1>ctemplate.c(1356): warning C4996: 'strdup': The POSIX name for this item is deprecated. Instead, use the ISO C++ conformant name: _strdup. See online help for details.
                 D:\Program Files (x86)\Microsoft Visual Studio 12.0\VC\include\string.h(245) : 参见“strdup”的声明
     1>ctemplate.c(1453): warning C4996: 'strcpy': This function or variable may be unsafe. Consider using strcpy_s instead. To disable deprecation, use _CRT_SECURE_NO_WARNINGS. See online help for details.
                 D:\Program Files (x86)\Microsoft Visual Studio 12.0\VC\include\string.h(112) : 参见“strcpy”的声明
     1>ctemplate.c(1494): warning C4996: 'access': The POSIX name for this item is deprecated. Instead, use the ISO C++ conformant name: _access. See online help for details.
                 D:\Program Files (x86)\Microsoft Visual Studio 12.0\VC\include\io.h(323) : 参见“access”的声明
         cgic.c
     1>cgic.c(144): warning C4996: 'getenv': This function or variable may be unsafe. Consider using _dupenv_s instead. To disable deprecation, use _CRT_SECURE_NO_WARNINGS. See online help for details.
                 D:\Program Files (x86)\Microsoft Visual Studio 12.0\VC\include\stdlib.h(462) : 参见“getenv”的声明
     1>cgic.c(147): warning C4996: 'strcpy': This function or variable may be unsafe. Consider using strcpy_s instead. To disable deprecation, use _CRT_SECURE_NO_WARNINGS. See online help for details.
                 D:\Program Files (x86)\Microsoft Visual Studio 12.0\VC\include\string.h(112) : 参见“strcpy”的声明
     1>cgic.c(151): warning C4996: 'strncpy': This function or variable may be unsafe. Consider using strncpy_s instead. To disable deprecation, use _CRT_SECURE_NO_WARNINGS. See online help for details.
                 D:\Program Files (x86)\Microsoft Visual Studio 12.0\VC\include\string.h(195) : 参见“strncpy”的声明
     1>cgic.c(270): warning C4267: “=”: 从“size_t”转换到“int”，可能丢失数据
     1>cgic.c(293): warning C4996: 'getenv': This function or variable may be unsafe. Consider using _dupenv_s instead. To disable deprecation, use _CRT_SECURE_NO_WARNINGS. See online help for details.
                 D:\Program Files (x86)\Microsoft Visual Studio 12.0\VC\include\stdlib.h(462) : 参见“getenv”的声明
     1>cgic.c(361): warning C4267: “初始化”: 从“size_t”转换到“int”，可能丢失数据
     1>cgic.c(523): warning C4996: 'fopen': This function or variable may be unsafe. Consider using fopen_s instead. To disable deprecation, use _CRT_SECURE_NO_WARNINGS. See online help for details.
                 D:\Program Files (x86)\Microsoft Visual Studio 12.0\VC\include\stdio.h(211) : 参见“fopen”的声明
     1>cgic.c(533): warning C4996: 'unlink': The POSIX name for this item is deprecated. Instead, use the ISO C++ conformant name: _unlink. See online help for details.
                 D:\Program Files (x86)\Microsoft Visual Studio 12.0\VC\include\stdio.h(278) : 参见“unlink”的声明
     1>cgic.c(552): warning C4996: 'strcpy': This function or variable may be unsafe. Consider using strcpy_s instead. To disable deprecation, use _CRT_SECURE_NO_WARNINGS. See online help for details.
                 D:\Program Files (x86)\Microsoft Visual Studio 12.0\VC\include\string.h(112) : 参见“strcpy”的声明
     1>cgic.c(575): warning C4996: 'strcpy': This function or variable may be unsafe. Consider using strcpy_s instead. To disable deprecation, use _CRT_SECURE_NO_WARNINGS. See online help for details.
                 D:\Program Files (x86)\Microsoft Visual Studio 12.0\VC\include\string.h(112) : 参见“strcpy”的声明
     1>cgic.c(580): warning C4996: 'strcpy': This function or variable may be unsafe. Consider using strcpy_s instead. To disable deprecation, use _CRT_SECURE_NO_WARNINGS. See online help for details.
                 D:\Program Files (x86)\Microsoft Visual Studio 12.0\VC\include\string.h(112) : 参见“strcpy”的声明
     1>cgic.c(585): warning C4996: 'strcpy': This function or variable may be unsafe. Consider using strcpy_s instead. To disable deprecation, use _CRT_SECURE_NO_WARNINGS. See online help for details.
                 D:\Program Files (x86)\Microsoft Visual Studio 12.0\VC\include\string.h(112) : 参见“strcpy”的声明
     1>cgic.c(614): warning C4996: 'unlink': The POSIX name for this item is deprecated. Instead, use the ISO C++ conformant name: _unlink. See online help for details.
                 D:\Program Files (x86)\Microsoft Visual Studio 12.0\VC\include\stdio.h(278) : 参见“unlink”的声明
     1>cgic.c(644): warning C4996: 'tmpnam': This function or variable may be unsafe. Consider using tmpnam_s instead. To disable deprecation, use _CRT_SECURE_NO_WARNINGS. See online help for details.
                 D:\Program Files (x86)\Microsoft Visual Studio 12.0\VC\include\stdio.h(323) : 参见“tmpnam”的声明
     1>cgic.c(707): warning C4996: 'sprintf': This function or variable may be unsafe. Consider using sprintf_s instead. To disable deprecation, use _CRT_SECURE_NO_WARNINGS. See online help for details.
                 D:\Program Files (x86)\Microsoft Visual Studio 12.0\VC\include\stdio.h(356) : 参见“sprintf”的声明
     1>cgic.c(711): warning C4267: “=”: 从“size_t”转换到“int”，可能丢失数据
     1>cgic.c(1037): warning C4267: “=”: 从“size_t”转换到“int”，可能丢失数据
     1>cgic.c(1159): warning C4996: 'unlink': The POSIX name for this item is deprecated. Instead, use the ISO C++ conformant name: _unlink. See online help for details.
                 D:\Program Files (x86)\Microsoft Visual Studio 12.0\VC\include\stdio.h(278) : 参见“unlink”的声明
     1>cgic.c(1205): warning C4996: 'strcpy': This function or variable may be unsafe. Consider using strcpy_s instead. To disable deprecation, use _CRT_SECURE_NO_WARNINGS. See online help for details.
                 D:\Program Files (x86)\Microsoft Visual Studio 12.0\VC\include\string.h(112) : 参见“strcpy”的声明
     1>cgic.c(1219): warning C4996: 'strcpy': This function or variable may be unsafe. Consider using strcpy_s instead. To disable deprecation, use _CRT_SECURE_NO_WARNINGS. See online help for details.
                 D:\Program Files (x86)\Microsoft Visual Studio 12.0\VC\include\string.h(112) : 参见“strcpy”的声明
     1>cgic.c(1315): warning C4996: 'fopen': This function or variable may be unsafe. Consider using fopen_s instead. To disable deprecation, use _CRT_SECURE_NO_WARNINGS. See online help for details.
                 D:\Program Files (x86)\Microsoft Visual Studio 12.0\VC\include\stdio.h(211) : 参见“fopen”的声明
     1>cgic.c(1332): warning C4267: “=”: 从“size_t”转换到“int”，可能丢失数据
     1>cgic.c(1355): warning C4996: 'strcpy': This function or variable may be unsafe. Consider using strcpy_s instead. To disable deprecation, use _CRT_SECURE_NO_WARNINGS. See online help for details.
                 D:\Program Files (x86)\Microsoft Visual Studio 12.0\VC\include\string.h(112) : 参见“strcpy”的声明
     1>cgic.c(1403): warning C4996: 'strcpy': This function or variable may be unsafe. Consider using strcpy_s instead. To disable deprecation, use _CRT_SECURE_NO_WARNINGS. See online help for details.
                 D:\Program Files (x86)\Microsoft Visual Studio 12.0\VC\include\string.h(112) : 参见“strcpy”的声明
     1>cgic.c(1797): warning C4996: 'sprintf': This function or variable may be unsafe. Consider using sprintf_s instead. To disable deprecation, use _CRT_SECURE_NO_WARNINGS. See online help for details.
                 D:\Program Files (x86)\Microsoft Visual Studio 12.0\VC\include\stdio.h(356) : 参见“sprintf”的声明
     1>cgic.c(1844): warning C4996: 'gmtime': This function or variable may be unsafe. Consider using gmtime_s instead. To disable deprecation, use _CRT_SECURE_NO_WARNINGS. See online help for details.
                 D:\Program Files (x86)\Microsoft Visual Studio 12.0\VC\include\time.inl(99) : 参见“gmtime”的声明
     1>cgic.c(1880): warning C4996: 'fopen': This function or variable may be unsafe. Consider using fopen_s instead. To disable deprecation, use _CRT_SECURE_NO_WARNINGS. See online help for details.
                 D:\Program Files (x86)\Microsoft Visual Studio 12.0\VC\include\stdio.h(211) : 参见“fopen”的声明
     1>cgic.c(2002): warning C4996: 'unlink': The POSIX name for this item is deprecated. Instead, use the ISO C++ conformant name: _unlink. See online help for details.
                 D:\Program Files (x86)\Microsoft Visual Studio 12.0\VC\include\stdio.h(278) : 参见“unlink”的声明
     1>cgic.c(2035): warning C4996: 'fopen': This function or variable may be unsafe. Consider using fopen_s instead. To disable deprecation, use _CRT_SECURE_NO_WARNINGS. See online help for details.
                 D:\Program Files (x86)\Microsoft Visual Studio 12.0\VC\include\stdio.h(211) : 参见“fopen”的声明
     1>cgic.c(2157): warning C4996: 'fopen': This function or variable may be unsafe. Consider using fopen_s instead. To disable deprecation, use _CRT_SECURE_NO_WARNINGS. See online help for details.
                 D:\Program Files (x86)\Microsoft Visual Studio 12.0\VC\include\stdio.h(211) : 参见“fopen”的声明
     1>cgic.c(2170): warning C4267: “=”: 从“size_t”转换到“int”，可能丢失数据
     1>cgic.c(2174): warning C4996: 'unlink': The POSIX name for this item is deprecated. Instead, use the ISO C++ conformant name: _unlink. See online help for details.
                 D:\Program Files (x86)\Microsoft Visual Studio 12.0\VC\include\stdio.h(278) : 参见“unlink”的声明
     1>cgic.c(2180): warning C4996: 'unlink': The POSIX name for this item is deprecated. Instead, use the ISO C++ conformant name: _unlink. See online help for details.
                 D:\Program Files (x86)\Microsoft Visual Studio 12.0\VC\include\stdio.h(278) : 参见“unlink”的声明
     1>cgic.c(2190): warning C4996: 'unlink': The POSIX name for this item is deprecated. Instead, use the ISO C++ conformant name: _unlink. See online help for details.
                 D:\Program Files (x86)\Microsoft Visual Studio 12.0\VC\include\stdio.h(278) : 参见“unlink”的声明
     1>cgic.c(2193): warning C4996: 'strcpy': This function or variable may be unsafe. Consider using strcpy_s instead. To disable deprecation, use _CRT_SECURE_NO_WARNINGS. See online help for details.
                 D:\Program Files (x86)\Microsoft Visual Studio 12.0\VC\include\string.h(112) : 参见“strcpy”的声明
     1>cgic.c(2325): warning C4267: “初始化”: 从“size_t”转换到“int”，可能丢失数据
     1>cgic.c(2450): warning C4996: 'strcpy': This function or variable may be unsafe. Consider using strcpy_s instead. To disable deprecation, use _CRT_SECURE_NO_WARNINGS. See online help for details.
                 D:\Program Files (x86)\Microsoft Visual Studio 12.0\VC\include\string.h(112) : 参见“strcpy”的声明
         正在生成代码...
     1>d:\c_html\website_2\website_2\share.h(66): warning C4715: “executeQuery”: 不是所有的控件路径都返回值
     1>d:\c_html\website_2\website_2\main.c(972): warning C4715: “cgiMain”: 不是所有的控件路径都返回值
       Link:
         D:\Program Files (x86)\Microsoft Visual Studio 12.0\VC\bin\x86_amd64\link.exe /ERRORREPORT:PROMPT /OUT:"D:\c_html\Website_2\x64\Debug\Website_2.cgi" /INCREMENTAL /NOLOGO /LIBPATH:"D:\mysql-5.6.32-winx64\mysql-5.6.32-winx64\lib" libmysql.lib kernel32.lib user32.lib gdi32.lib winspool.lib comdlg32.lib advapi32.lib shell32.lib ole32.lib oleaut32.lib uuid.lib odbc32.lib odbccp32.lib /MANIFEST /MANIFESTUAC:"level='asInvoker' uiAccess='false'" /manifest:embed /DEBUG /PDB:"D:\c_html\Website_2\x64\Debug\Website_2.pdb" /SUBSYSTEM:CONSOLE /TLBID:1 /DYNAMICBASE /NXCOMPAT /IMPLIB:"D:\c_html\Website_2\x64\Debug\Website_2.lib" /MACHINE:X64 x64\Debug\cgic.obj
         x64\Debug\ctemplate.obj
         x64\Debug\main.obj
         Website_2.vcxproj -> D:\c_html\Website_2\x64\Debug\Website_2.cgi
     1>已完成生成项目“D:\c_html\Website_2\Website_2\Website_2.vcxproj”(Build 个目标)的操作。

生成成功。

已用时间 00:00:15.91
